<?xml version="1.0" encoding="UTF-8"?>
<!-- Generated by org.testng.reporters.JUnitReportReporter -->
<testsuite hostname="LAPTOP-E5ODO57A" name="com.songo.phoenix.interfaces.RegisterInterface" tests="6" failures="0" timestamp="25 Feb 2018 10:36:03 GMT" time="1.039" errors="0">
  <testcase name="test1" time="0.092" classname="com.songo.phoenix.interfaces.RegisterInterface"/>
  <testcase name="test1" time="0.634" classname="com.songo.phoenix.interfaces.RegisterInterface"/>
  <testcase name="test1" time="0.070" classname="com.songo.phoenix.interfaces.RegisterInterface"/>
  <testcase name="test1" time="0.072" classname="com.songo.phoenix.interfaces.RegisterInterface"/>
  <testcase name="test1" time="0.075" classname="com.songo.phoenix.interfaces.RegisterInterface"/>
  <testcase name="test1" time="0.096" classname="com.songo.phoenix.interfaces.RegisterInterface"/>
</testsuite> <!-- com.songo.phoenix.interfaces.RegisterInterface -->
