<?xml version="1.0" encoding="UTF-8"?>
<!-- Generated by org.testng.reporters.JUnitReportReporter -->
<testsuite hostname="LAPTOP-E5ODO57A" name="com.ningmengban.phoenix.interfaces.MemberlistInterface" tests="1" failures="0" timestamp="18 Feb 2018 13:24:19 GMT" time="1.113" errors="0">
  <testcase name="list" time="1.113" classname="com.ningmengban.phoenix.interfaces.MemberlistInterface"/>
</testsuite> <!-- com.ningmengban.phoenix.interfaces.MemberlistInterface -->
