<?xml version="1.0" encoding="UTF-8"?>
<!-- Generated by org.testng.reporters.JUnitReportReporter -->
<testsuite hostname="LAPTOP-E5ODO57A" name="com.songo.phoenix.interfaces.RegisterInterface" tests="6" failures="0" timestamp="21 Feb 2018 14:34:42 GMT" time="0.741" errors="0">
  <testcase name="test1" time="0.540" classname="com.songo.phoenix.interfaces.RegisterInterface"/>
  <testcase name="test1" time="0.060" classname="com.songo.phoenix.interfaces.RegisterInterface"/>
  <testcase name="test1" time="0.032" classname="com.songo.phoenix.interfaces.RegisterInterface"/>
  <testcase name="test1" time="0.046" classname="com.songo.phoenix.interfaces.RegisterInterface"/>
  <testcase name="test1" time="0.032" classname="com.songo.phoenix.interfaces.RegisterInterface"/>
  <testcase name="test1" time="0.031" classname="com.songo.phoenix.interfaces.RegisterInterface"/>
</testsuite> <!-- com.songo.phoenix.interfaces.RegisterInterface -->
