<?xml version="1.0" encoding="UTF-8"?>
<!-- Generated by org.testng.reporters.JUnitReportReporter -->
<testsuite hostname="LAPTOP-E5ODO57A" name="com.ningmengban.phoenix.interfaces.RegisterInterface" tests="1" failures="0" timestamp="19 Feb 2018 02:12:49 GMT" time="0.595" errors="0">
  <testcase name="test1" time="0.595" classname="com.ningmengban.phoenix.interfaces.RegisterInterface"/>
</testsuite> <!-- com.ningmengban.phoenix.interfaces.RegisterInterface -->
